{"/Users/dalenedews/work-space/student-notes/dalene/BootCamp/Data Structures/singlyLinkedList.js": {"path":"/Users/dalenedews/work-space/student-notes/dalene/BootCamp/Data Structures/singlyLinkedList.js","statementMap":{"0":{"start":{"line":2,"column":2},"end":{"line":2,"column":21}},"1":{"start":{"line":3,"column":2},"end":{"line":3,"column":19}},"2":{"start":{"line":7,"column":9},"end":{"line":7,"column":13}},"3":{"start":{"line":8,"column":9},"end":{"line":8,"column":13}},"4":{"start":{"line":9,"column":11},"end":{"line":9,"column":12}},"5":{"start":{"line":14,"column":17},"end":{"line":14,"column":32}},"6":{"start":{"line":16,"column":4},"end":{"line":21,"column":5}},"7":{"start":{"line":17,"column":6},"end":{"line":17,"column":35}},"8":{"start":{"line":19,"column":6},"end":{"line":19,"column":28}},"9":{"start":{"line":20,"column":6},"end":{"line":20,"column":23}},"10":{"start":{"line":23,"column":4},"end":{"line":23,"column":18}},"11":{"start":{"line":25,"column":4},"end":{"line":25,"column":16}},"12":{"start":{"line":30,"column":4},"end":{"line":34,"column":8}},"13":{"start":{"line":36,"column":4},"end":{"line":38,"column":5}},"14":{"start":{"line":37,"column":6},"end":{"line":37,"column":23}},"15":{"start":{"line":40,"column":4},"end":{"line":44,"column":5}},"16":{"start":{"line":41,"column":6},"end":{"line":41,"column":35}},"17":{"start":{"line":42,"column":6},"end":{"line":42,"column":20}},"18":{"start":{"line":43,"column":6},"end":{"line":43,"column":27}},"19":{"start":{"line":46,"column":19},"end":{"line":46,"column":37}},"20":{"start":{"line":47,"column":4},"end":{"line":47,"column":24}},"21":{"start":{"line":48,"column":4},"end":{"line":48,"column":26}},"22":{"start":{"line":49,"column":4},"end":{"line":49,"column":18}},"23":{"start":{"line":50,"column":4},"end":{"line":50,"column":18}},"24":{"start":{"line":54,"column":19},"end":{"line":54,"column":28}},"25":{"start":{"line":56,"column":4},"end":{"line":59,"column":5}},"26":{"start":{"line":57,"column":6},"end":{"line":57,"column":33}},"27":{"start":{"line":58,"column":6},"end":{"line":58,"column":20}},"28":{"start":{"line":61,"column":4},"end":{"line":63,"column":5}},"29":{"start":{"line":62,"column":6},"end":{"line":62,"column":23}},"30":{"start":{"line":65,"column":4},"end":{"line":65,"column":45}},"31":{"start":{"line":69,"column":17},"end":{"line":69,"column":32}},"32":{"start":{"line":70,"column":4},"end":{"line":70,"column":26}},"33":{"start":{"line":71,"column":4},"end":{"line":71,"column":21}},"34":{"start":{"line":72,"column":4},"end":{"line":72,"column":18}},"35":{"start":{"line":74,"column":4},"end":{"line":76,"column":5}},"36":{"start":{"line":75,"column":6},"end":{"line":75,"column":23}},"37":{"start":{"line":78,"column":4},"end":{"line":78,"column":16}},"38":{"start":{"line":82,"column":18},"end":{"line":82,"column":27}},"39":{"start":{"line":83,"column":10},"end":{"line":83,"column":11}},"40":{"start":{"line":84,"column":4},"end":{"line":87,"column":5}},"41":{"start":{"line":85,"column":6},"end":{"line":85,"column":10}},"42":{"start":{"line":86,"column":6},"end":{"line":86,"column":29}},"43":{"start":{"line":89,"column":4},"end":{"line":89,"column":19}},"44":{"start":{"line":93,"column":17},"end":{"line":93,"column":37}},"45":{"start":{"line":95,"column":4},"end":{"line":95,"column":30}},"46":{"start":{"line":99,"column":17},"end":{"line":99,"column":37}},"47":{"start":{"line":101,"column":4},"end":{"line":103,"column":5}},"48":{"start":{"line":102,"column":6},"end":{"line":102,"column":25}}},"fnMap":{"0":{"name":"Node","decl":{"start":{"line":1,"column":9},"end":{"line":1,"column":13}},"loc":{"start":{"line":1,"column":21},"end":{"line":4,"column":1}},"line":1},"1":{"name":"(anonymous_1)","decl":{"start":{"line":11,"column":2},"end":{"line":11,"column":3}},"loc":{"start":{"line":11,"column":16},"end":{"line":11,"column":18}},"line":11},"2":{"name":"(anonymous_2)","decl":{"start":{"line":13,"column":2},"end":{"line":13,"column":3}},"loc":{"start":{"line":13,"column":14},"end":{"line":26,"column":3}},"line":13},"3":{"name":"(anonymous_3)","decl":{"start":{"line":28,"column":2},"end":{"line":28,"column":3}},"loc":{"start":{"line":28,"column":8},"end":{"line":51,"column":3}},"line":28},"4":{"name":"(anonymous_4)","decl":{"start":{"line":53,"column":2},"end":{"line":53,"column":3}},"loc":{"start":{"line":53,"column":10},"end":{"line":66,"column":3}},"line":53},"5":{"name":"(anonymous_5)","decl":{"start":{"line":68,"column":2},"end":{"line":68,"column":3}},"loc":{"start":{"line":68,"column":17},"end":{"line":79,"column":3}},"line":68},"6":{"name":"(anonymous_6)","decl":{"start":{"line":92,"column":2},"end":{"line":92,"column":3}},"loc":{"start":{"line":92,"column":13},"end":{"line":96,"column":3}},"line":92},"7":{"name":"(anonymous_7)","decl":{"start":{"line":98,"column":2},"end":{"line":98,"column":3}},"loc":{"start":{"line":98,"column":20},"end":{"line":104,"column":3}},"line":98}},"branchMap":{"0":{"loc":{"start":{"line":16,"column":4},"end":{"line":21,"column":5}},"type":"if","locations":[{"start":{"line":16,"column":4},"end":{"line":21,"column":5}},{"start":{"line":16,"column":4},"end":{"line":21,"column":5}}],"line":16},"1":{"loc":{"start":{"line":32,"column":6},"end":{"line":32,"column":50}},"type":"binary-expr","locations":[{"start":{"line":32,"column":6},"end":{"line":32,"column":13}},{"start":{"line":32,"column":17},"end":{"line":32,"column":29}},{"start":{"line":32,"column":33},"end":{"line":32,"column":50}}],"line":32},"2":{"loc":{"start":{"line":36,"column":4},"end":{"line":38,"column":5}},"type":"if","locations":[{"start":{"line":36,"column":4},"end":{"line":38,"column":5}},{"start":{"line":36,"column":4},"end":{"line":38,"column":5}}],"line":36},"3":{"loc":{"start":{"line":40,"column":4},"end":{"line":44,"column":5}},"type":"if","locations":[{"start":{"line":40,"column":4},"end":{"line":44,"column":5}},{"start":{"line":40,"column":4},"end":{"line":44,"column":5}}],"line":40},"4":{"loc":{"start":{"line":56,"column":4},"end":{"line":59,"column":5}},"type":"if","locations":[{"start":{"line":56,"column":4},"end":{"line":59,"column":5}},{"start":{"line":56,"column":4},"end":{"line":59,"column":5}}],"line":56},"5":{"loc":{"start":{"line":61,"column":4},"end":{"line":63,"column":5}},"type":"if","locations":[{"start":{"line":61,"column":4},"end":{"line":63,"column":5}},{"start":{"line":61,"column":4},"end":{"line":63,"column":5}}],"line":61},"6":{"loc":{"start":{"line":65,"column":11},"end":{"line":65,"column":44}},"type":"cond-expr","locations":[{"start":{"line":65,"column":20},"end":{"line":65,"column":32}},{"start":{"line":65,"column":35},"end":{"line":65,"column":44}}],"line":65},"7":{"loc":{"start":{"line":74,"column":4},"end":{"line":76,"column":5}},"type":"if","locations":[{"start":{"line":74,"column":4},"end":{"line":76,"column":5}},{"start":{"line":74,"column":4},"end":{"line":76,"column":5}}],"line":74},"8":{"loc":{"start":{"line":84,"column":11},"end":{"line":84,"column":32}},"type":"binary-expr","locations":[{"start":{"line":84,"column":11},"end":{"line":84,"column":21}},{"start":{"line":84,"column":25},"end":{"line":84,"column":32}}],"line":84},"9":{"loc":{"start":{"line":95,"column":11},"end":{"line":95,"column":29}},"type":"binary-expr","locations":[{"start":{"line":95,"column":11},"end":{"line":95,"column":15}},{"start":{"line":95,"column":19},"end":{"line":95,"column":29}}],"line":95},"10":{"loc":{"start":{"line":101,"column":4},"end":{"line":103,"column":5}},"type":"if","locations":[{"start":{"line":101,"column":4},"end":{"line":103,"column":5}},{"start":{"line":101,"column":4},"end":{"line":103,"column":5}}],"line":101}},"s":{"0":14,"1":14,"2":11,"3":11,"4":11,"5":11,"6":11,"7":9,"8":2,"9":2,"10":11,"11":11,"12":6,"13":6,"14":1,"15":5,"16":4,"17":4,"18":4,"19":1,"20":1,"21":1,"22":1,"23":1,"24":4,"25":4,"26":4,"27":4,"28":4,"29":2,"30":4,"31":3,"32":3,"33":3,"34":3,"35":3,"36":2,"37":3,"38":0,"39":0,"40":0,"41":0,"42":0,"43":0,"44":0,"45":0,"46":0,"47":0,"48":0},"f":{"0":14,"1":11,"2":11,"3":6,"4":4,"5":3,"6":0,"7":0},"b":{"0":[9,2],"1":[6,5,1],"2":[1,5],"3":[4,1],"4":[4,0],"5":[2,2],"6":[4,0],"7":[2,1],"8":[0,0],"9":[0,0],"10":[0,0]},"_coverageSchema":"1a1c01bbd47fc00a2c39e90264f33305004495a9","hash":"6d0a68bc61174c48a548e9d5d53d509dac2b5e99"}
}
