TN:
SF:singlyLinkedList.js
FN:1,Node
FN:11,(anonymous_1)
FN:13,(anonymous_2)
FN:28,(anonymous_3)
FN:53,(anonymous_4)
FN:68,(anonymous_5)
FN:92,(anonymous_6)
FN:98,(anonymous_7)
FNF:8
FNH:6
FNDA:14,Node
FNDA:11,(anonymous_1)
FNDA:11,(anonymous_2)
FNDA:6,(anonymous_3)
FNDA:4,(anonymous_4)
FNDA:3,(anonymous_5)
FNDA:0,(anonymous_6)
FNDA:0,(anonymous_7)
DA:2,14
DA:3,14
DA:7,11
DA:8,11
DA:9,11
DA:14,11
DA:16,11
DA:17,9
DA:19,2
DA:20,2
DA:23,11
DA:25,11
DA:30,6
DA:36,6
DA:37,1
DA:40,5
DA:41,4
DA:42,4
DA:43,4
DA:46,1
DA:47,1
DA:48,1
DA:49,1
DA:50,1
DA:54,4
DA:56,4
DA:57,4
DA:58,4
DA:61,4
DA:62,2
DA:65,4
DA:69,3
DA:70,3
DA:71,3
DA:72,3
DA:74,3
DA:75,2
DA:78,3
DA:82,0
DA:83,0
DA:84,0
DA:85,0
DA:86,0
DA:89,0
DA:93,0
DA:95,0
DA:99,0
DA:101,0
DA:102,0
LF:49
LH:38
BRDA:16,0,0,9
BRDA:16,0,1,2
BRDA:32,1,0,6
BRDA:32,1,1,5
BRDA:32,1,2,1
BRDA:36,2,0,1
BRDA:36,2,1,5
BRDA:40,3,0,4
BRDA:40,3,1,1
BRDA:56,4,0,4
BRDA:56,4,1,0
BRDA:61,5,0,2
BRDA:61,5,1,2
BRDA:65,6,0,4
BRDA:65,6,1,0
BRDA:74,7,0,2
BRDA:74,7,1,1
BRDA:84,8,0,0
BRDA:84,8,1,0
BRDA:95,9,0,0
BRDA:95,9,1,0
BRDA:101,10,0,0
BRDA:101,10,1,0
BRF:23
BRH:15
end_of_record
